# JRE version: Java(TM) SE Runtime Environment (21.0.9+7) (build 21.0.9+7-LTS-338)
# Java VM: Java HotSpot(TM) 64-Bit Server VM (21.0.9+7-LTS-338, mixed mode, sharing, tiered, compressed oops, compressed class ptrs, g1 gc, windows-amd64)
GC Precious Log:
 CardTable entry size: 512
 Card Set container configuration: InlinePtr #cards 5 size 8 Array Of Cards #cards 12 size 40 Howl #buckets 4 coarsen threshold 1843 Howl Bitmap #cards 512 size 80 coarsen threshold 460 Card regions per heap region 1 cards per card region 2048
 CPUs: 8 total, 8 available
 Memory: 7934M
 Large Page Support: Disabled
 NUMA Support: Disabled
 Compressed Oops: Enabled (32-bit)
 Heap Region Size: 1M
 Heap Min Capacity: 8M
 Heap Initial Capacity: 8M
 Heap Max Capacity: 1984M
 Pre-touch: Disabled
 Parallel Workers: 8
 Concurrent Workers: 2
 Concurrent Refinement Workers: 8
 Periodic GC: Disabled
Heap:
 garbage-first heap   total 23552K, used 11771K [0x0000000084000000, 0x0000000100000000)
  region size 1024K, 4 young (4096K), 1 survivors (1024K)
 Metaspace       used 9968K, committed 10176K, reserved 1114112K
  class space    used 1134K, committed 1216K, reserved 1048576K
GC Heap History (20 events):
Event: 0.811 GC heap after
{Heap after GC invocations=5 (full 0):
 garbage-first heap   total 10240K, used 3112K [0x0000000084000000, 0x0000000100000000)
  region size 1024K, 1 young (1024K), 1 survivors (1024K)
 Metaspace       used 7849K, committed 8064K, reserved 1114112K
  class space    used 875K, committed 960K, reserved 1048576K
}
Event: 0.933 GC heap before
{Heap before GC invocations=5 (full 0):
 garbage-first heap   total 10240K, used 5160K [0x0000000084000000, 0x0000000100000000)
  region size 1024K, 3 young (3072K), 1 survivors (1024K)
 Metaspace       used 8308K, committed 8512K, reserved 1114112K
  class space    used 924K, committed 1024K, reserved 1048576K
}
Event: 0.937 GC heap after
{Heap after GC invocations=6 (full 0):
 garbage-first heap   total 10240K, used 3791K [0x0000000084000000, 0x0000000100000000)
  region size 1024K, 1 young (1024K), 1 survivors (1024K)
 Metaspace       used 8308K, committed 8512K, reserved 1114112K
  class space    used 924K, committed 1024K, reserved 1048576K
}
Event: 1.188 GC heap before
{Heap before GC invocations=6 (full 0):
 garbage-first heap   total 10240K, used 4815K [0x0000000084000000, 0x0000000100000000)
  region size 1024K, 2 young (2048K), 1 survivors (1024K)
 Metaspace       used 8769K, committed 8896K, reserved 1114112K
  class space    used 985K, committed 1024K, reserved 1048576K
}
Event: 1.193 GC heap after
{Heap after GC invocations=7 (full 0):
 garbage-first heap   total 10240K, used 4606K [0x0000000084000000, 0x0000000100000000)
  region size 1024K, 1 young (1024K), 1 survivors (1024K)
 Metaspace       used 8769K, committed 8896K, reserved 1114112K
  class space    used 985K, committed 1024K, reserved 1048576K
}
Event: 1.260 GC heap before
{Heap before GC invocations=7 (full 0):
 garbage-first heap   total 10240K, used 5630K [0x0000000084000000, 0x0000000100000000)
  region size 1024K, 2 young (2048K), 1 survivors (1024K)
 Metaspace       used 8852K, committed 9024K, reserved 1114112K
  class space    used 985K, committed 1024K, reserved 1048576K
}
Event: 1.262 GC heap after
{Heap after GC invocations=8 (full 0):
 garbage-first heap   total 10240K, used 5127K [0x0000000084000000, 0x0000000100000000)
  region size 1024K, 1 young (1024K), 1 survivors (1024K)
 Metaspace       used 8852K, committed 9024K, reserved 1114112K
  class space    used 985K, committed 1024K, reserved 1048576K
}
Event: 1.285 GC heap before
{Heap before GC invocations=8 (full 0):
 garbage-first heap   total 10240K, used 5127K [0x0000000084000000, 0x0000000100000000)
  region size 1024K, 2 young (2048K), 1 survivors (1024K)
 Metaspace       used 8868K, committed 9024K, reserved 1114112K
  class space    used 985K, committed 1024K, reserved 1048576K
}
Event: 1.287 GC heap after
{Heap after GC invocations=9 (full 0):
 garbage-first heap   total 13312K, used 5064K [0x0000000084000000, 0x0000000100000000)
  region size 1024K, 1 young (1024K), 1 survivors (1024K)
 Metaspace       used 8868K, committed 9024K, reserved 1114112K
  class space    used 985K, committed 1024K, reserved 1048576K
}
Event: 1.309 GC heap before
{Heap before GC invocations=10 (full 0):
 garbage-first heap   total 13312K, used 7112K [0x0000000084000000, 0x0000000100000000)
  region size 1024K, 3 young (3072K), 1 survivors (1024K)
 Metaspace       used 8869K, committed 9024K, reserved 1114112K
  class space    used 985K, committed 1024K, reserved 1048576K
}
Event: 1.311 GC heap after
{Heap after GC invocations=11 (full 0):
 garbage-first heap   total 13312K, used 5881K [0x0000000084000000, 0x0000000100000000)
  region size 1024K, 1 young (1024K), 1 survivors (1024K)
 Metaspace       used 8869K, committed 9024K, reserved 1114112K
  class space    used 985K, committed 1024K, reserved 1048576K
}
Event: 1.358 GC heap before
{Heap before GC invocations=11 (full 0):
 garbage-first heap   total 13312K, used 7929K [0x0000000084000000, 0x0000000100000000)
  region size 1024K, 3 young (3072K), 1 survivors (1024K)
 Metaspace       used 8947K, committed 9088K, reserved 1114112K
  class space    used 1002K, committed 1088K, reserved 1048576K
}
Event: 1.360 GC heap after
{Heap after GC invocations=12 (full 0):
 garbage-first heap   total 13312K, used 6459K [0x0000000084000000, 0x0000000100000000)
  region size 1024K, 1 young (1024K), 1 survivors (1024K)
 Metaspace       used 8947K, committed 9088K, reserved 1114112K
  class space    used 1002K, committed 1088K, reserved 1048576K
}
Event: 1.379 GC heap before
{Heap before GC invocations=12 (full 0):
 garbage-first heap   total 13312K, used 8507K [0x0000000084000000, 0x0000000100000000)
  region size 1024K, 3 young (3072K), 1 survivors (1024K)
 Metaspace       used 8985K, committed 9152K, reserved 1114112K
  class space    used 1006K, committed 1088K, reserved 1048576K
}
Event: 1.381 GC heap after
{Heap after GC invocations=13 (full 0):
 garbage-first heap   total 13312K, used 6750K [0x0000000084000000, 0x0000000100000000)
  region size 1024K, 1 young (1024K), 1 survivors (1024K)
 Metaspace       used 8985K, committed 9152K, reserved 1114112K
  class space    used 1006K, committed 1088K, reserved 1048576K
}
Event: 1.473 GC heap before
{Heap before GC invocations=14 (full 0):
 garbage-first heap   total 14336K, used 8798K [0x0000000084000000, 0x0000000100000000)
  region size 1024K, 3 young (3072K), 1 survivors (1024K)
 Metaspace       used 9209K, committed 9408K, reserved 1114112K
  class space    used 1028K, committed 1088K, reserved 1048576K
}
Event: 1.476 GC heap after
{Heap after GC invocations=15 (full 0):
 garbage-first heap   total 23552K, used 7096K [0x0000000084000000, 0x0000000100000000)
  region size 1024K, 1 young (1024K), 1 survivors (1024K)
 Metaspace       used 9209K, committed 9408K, reserved 1114112K
  class space    used 1028K, committed 1088K, reserved 1048576K
}
Event: 1.668 GC heap before
{Heap before GC invocations=15 (full 0):
 garbage-first heap   total 23552K, used 14264K [0x0000000084000000, 0x0000000100000000)
  region size 1024K, 8 young (8192K), 1 survivors (1024K)
 Metaspace       used 9635K, committed 9792K, reserved 1114112K
  class space    used 1088K, committed 1152K, reserved 1048576K
}
Event: 1.676 GC heap after
{Heap after GC invocations=16 (full 0):
 garbage-first heap   total 23552K, used 8707K [0x0000000084000000, 0x0000000100000000)
  region size 1024K, 1 young (1024K), 1 survivors (1024K)
 Metaspace       used 9635K, committed 9792K, reserved 1114112K
  class space    used 1088K, committed 1152K, reserved 1048576K
}
Event: 1.773 GC heap before
{Heap before GC invocations=16 (full 0):
 garbage-first heap   total 23552K, used 14851K [0x0000000084000000, 0x0000000100000000)
  region size 1024K, 7 young (7168K), 1 survivors (1024K)
 Metaspace       used 9828K, committed 9920K, reserved 1114112K
  class space    used 1109K, committed 1152K, reserved 1048576K
}

