# JRE version: Java(TM) SE Runtime Environment (21.0.9+7) (build 21.0.9+7-LTS-338)
# Java VM: Java HotSpot(TM) 64-Bit Server VM (21.0.9+7-LTS-338, mixed mode, sharing, tiered, compressed oops, compressed class ptrs, g1 gc, windows-amd64)
GC Precious Log:
 CardTable entry size: 512
 Card Set container configuration: InlinePtr #cards 5 size 8 Array Of Cards #cards 12 size 40 Howl #buckets 4 coarsen threshold 1843 Howl Bitmap #cards 512 size 80 coarsen threshold 460 Card regions per heap region 1 cards per card region 2048
 CPUs: 8 total, 8 available
 Memory: 7934M
 Large Page Support: Disabled
 NUMA Support: Disabled
 Compressed Oops: Enabled (32-bit)
 Heap Region Size: 1M
 Heap Min Capacity: 8M
 Heap Initial Capacity: 124M
 Heap Max Capacity: 1984M
 Pre-touch: Disabled
 Parallel Workers: 8
 Concurrent Workers: 2
 Concurrent Refinement Workers: 8
 Periodic GC: Disabled
Heap:
 garbage-first heap   total 126976K, used 39363K [0x0000000084000000, 0x0000000100000000)
  region size 1024K, 27 young (27648K), 2 survivors (2048K)
 Metaspace       used 19263K, committed 19648K, reserved 1114112K
  class space    used 2641K, committed 2816K, reserved 1048576K
GC Heap History (20 events):
Event: 315.840 GC heap before
{Heap before GC invocations=21 (full 0):
 garbage-first heap   total 126976K, used 88519K [0x0000000084000000, 0x0000000100000000)
  region size 1024K, 74 young (75776K), 2 survivors (2048K)
 Metaspace       used 19228K, committed 19648K, reserved 1114112K
  class space    used 2636K, committed 2816K, reserved 1048576K
}
Event: 315.851 GC heap after
{Heap after GC invocations=22 (full 0):
 garbage-first heap   total 126976K, used 14756K [0x0000000084000000, 0x0000000100000000)
  region size 1024K, 1 young (1024K), 1 survivors (1024K)
 Metaspace       used 19228K, committed 19648K, reserved 1114112K
  class space    used 2636K, committed 2816K, reserved 1048576K
}
Event: 331.812 GC heap before
{Heap before GC invocations=22 (full 0):
 garbage-first heap   total 126976K, used 89508K [0x0000000084000000, 0x0000000100000000)
  region size 1024K, 74 young (75776K), 1 survivors (1024K)
 Metaspace       used 19228K, committed 19648K, reserved 1114112K
  class space    used 2636K, committed 2816K, reserved 1048576K
}
Event: 331.820 GC heap after
{Heap after GC invocations=23 (full 0):
 garbage-first heap   total 126976K, used 14788K [0x0000000084000000, 0x0000000100000000)
  region size 1024K, 2 young (2048K), 2 survivors (2048K)
 Metaspace       used 19228K, committed 19648K, reserved 1114112K
  class space    used 2636K, committed 2816K, reserved 1048576K
}
Event: 347.570 GC heap before
{Heap before GC invocations=23 (full 0):
 garbage-first heap   total 126976K, used 88516K [0x0000000084000000, 0x0000000100000000)
  region size 1024K, 74 young (75776K), 2 survivors (2048K)
 Metaspace       used 19228K, committed 19648K, reserved 1114112K
  class space    used 2636K, committed 2816K, reserved 1048576K
}
Event: 347.578 GC heap after
{Heap after GC invocations=24 (full 0):
 garbage-first heap   total 126976K, used 14738K [0x0000000084000000, 0x0000000100000000)
  region size 1024K, 1 young (1024K), 1 survivors (1024K)
 Metaspace       used 19228K, committed 19648K, reserved 1114112K
  class space    used 2636K, committed 2816K, reserved 1048576K
}
Event: 363.515 GC heap before
{Heap before GC invocations=24 (full 0):
 garbage-first heap   total 126976K, used 89490K [0x0000000084000000, 0x0000000100000000)
  region size 1024K, 74 young (75776K), 1 survivors (1024K)
 Metaspace       used 19228K, committed 19648K, reserved 1114112K
  class space    used 2636K, committed 2816K, reserved 1048576K
}
Event: 363.520 GC heap after
{Heap after GC invocations=25 (full 0):
 garbage-first heap   total 126976K, used 14756K [0x0000000084000000, 0x0000000100000000)
  region size 1024K, 1 young (1024K), 1 survivors (1024K)
 Metaspace       used 19228K, committed 19648K, reserved 1114112K
  class space    used 2636K, committed 2816K, reserved 1048576K
}
Event: 379.520 GC heap before
{Heap before GC invocations=25 (full 0):
 garbage-first heap   total 126976K, used 89508K [0x0000000084000000, 0x0000000100000000)
  region size 1024K, 74 young (75776K), 1 survivors (1024K)
 Metaspace       used 19228K, committed 19648K, reserved 1114112K
  class space    used 2636K, committed 2816K, reserved 1048576K
}
Event: 379.525 GC heap after
{Heap after GC invocations=26 (full 0):
 garbage-first heap   total 126976K, used 14788K [0x0000000084000000, 0x0000000100000000)
  region size 1024K, 2 young (2048K), 2 survivors (2048K)
 Metaspace       used 19228K, committed 19648K, reserved 1114112K
  class space    used 2636K, committed 2816K, reserved 1048576K
}
Event: 395.221 GC heap before
{Heap before GC invocations=26 (full 0):
 garbage-first heap   total 126976K, used 88516K [0x0000000084000000, 0x0000000100000000)
  region size 1024K, 74 young (75776K), 2 survivors (2048K)
 Metaspace       used 19228K, committed 19648K, reserved 1114112K
  class space    used 2636K, committed 2816K, reserved 1048576K
}
Event: 395.229 GC heap after
{Heap after GC invocations=27 (full 0):
 garbage-first heap   total 126976K, used 14756K [0x0000000084000000, 0x0000000100000000)
  region size 1024K, 1 young (1024K), 1 survivors (1024K)
 Metaspace       used 19228K, committed 19648K, reserved 1114112K
  class space    used 2636K, committed 2816K, reserved 1048576K
}
Event: 411.957 GC heap before
{Heap before GC invocations=27 (full 0):
 garbage-first heap   total 126976K, used 89508K [0x0000000084000000, 0x0000000100000000)
  region size 1024K, 74 young (75776K), 1 survivors (1024K)
 Metaspace       used 19228K, committed 19648K, reserved 1114112K
  class space    used 2636K, committed 2816K, reserved 1048576K
}
Event: 411.964 GC heap after
{Heap after GC invocations=28 (full 0):
 garbage-first heap   total 126976K, used 14756K [0x0000000084000000, 0x0000000100000000)
  region size 1024K, 1 young (1024K), 1 survivors (1024K)
 Metaspace       used 19228K, committed 19648K, reserved 1114112K
  class space    used 2636K, committed 2816K, reserved 1048576K
}
Event: 431.270 GC heap before
{Heap before GC invocations=28 (full 0):
 garbage-first heap   total 126976K, used 89508K [0x0000000084000000, 0x0000000100000000)
  region size 1024K, 74 young (75776K), 1 survivors (1024K)
 Metaspace       used 19228K, committed 19648K, reserved 1114112K
  class space    used 2636K, committed 2816K, reserved 1048576K
}
Event: 431.283 GC heap after
{Heap after GC invocations=29 (full 0):
 garbage-first heap   total 126976K, used 14788K [0x0000000084000000, 0x0000000100000000)
  region size 1024K, 2 young (2048K), 2 survivors (2048K)
 Metaspace       used 19228K, committed 19648K, reserved 1114112K
  class space    used 2636K, committed 2816K, reserved 1048576K
}
Event: 451.625 GC heap before
{Heap before GC invocations=29 (full 0):
 garbage-first heap   total 126976K, used 88516K [0x0000000084000000, 0x0000000100000000)
  region size 1024K, 74 young (75776K), 2 survivors (2048K)
 Metaspace       used 19228K, committed 19648K, reserved 1114112K
  class space    used 2636K, committed 2816K, reserved 1048576K
}
Event: 451.633 GC heap after
{Heap after GC invocations=30 (full 0):
 garbage-first heap   total 126976K, used 14756K [0x0000000084000000, 0x0000000100000000)
  region size 1024K, 1 young (1024K), 1 survivors (1024K)
 Metaspace       used 19228K, committed 19648K, reserved 1114112K
  class space    used 2636K, committed 2816K, reserved 1048576K
}
Event: 470.625 GC heap before
{Heap before GC invocations=30 (full 0):
 garbage-first heap   total 126976K, used 89508K [0x0000000084000000, 0x0000000100000000)
  region size 1024K, 74 young (75776K), 1 survivors (1024K)
 Metaspace       used 19258K, committed 19648K, reserved 1114112K
  class space    used 2641K, committed 2816K, reserved 1048576K
}
Event: 470.632 GC heap after
{Heap after GC invocations=31 (full 0):
 garbage-first heap   total 126976K, used 14787K [0x0000000084000000, 0x0000000100000000)
  region size 1024K, 2 young (2048K), 2 survivors (2048K)
 Metaspace       used 19258K, committed 19648K, reserved 1114112K
  class space    used 2641K, committed 2816K, reserved 1048576K
}

